{
  "stats": {
    "suites": 1,
    "tests": 1,
    "passes": 1,
    "pending": 0,
    "failures": 0,
    "start": "2022-06-01T12:35:16.953Z",
    "end": "2022-06-01T12:35:40.901Z",
    "duration": 23948,
    "testsRegistered": 1,
    "passPercent": 100,
    "pendingPercent": 0,
    "other": 0,
    "hasOther": false,
    "skipped": 0,
    "hasSkipped": false
  },
  "results": [
    {
      "uuid": "d2f24f31-7d1e-4cce-bbdb-b56fcdd74a6c",
      "title": "",
      "fullFile": "cypress/integration/UI-Automation.js",
      "file": "cypress/integration/UI-Automation.js",
      "beforeHooks": [],
      "afterHooks": [],
      "tests": [],
      "suites": [
        {
          "uuid": "8f4f4f41-e136-408d-a8e1-7477a3a7301e",
          "title": "InitialChallenge UI Automate Tokopedia",
          "fullFile": "",
          "file": "",
          "beforeHooks": [],
          "afterHooks": [],
          "tests": [
            {
              "title": "Login with valid credentials",
              "fullTitle": "InitialChallenge UI Automate Tokopedia Login with valid credentials",
              "timedOut": null,
              "duration": 18634,
              "state": "passed",
              "speed": "slow",
              "pass": true,
              "fail": false,
              "pending": false,
              "context": null,
              "code": "const login = new _LoginPage.default();\nlogin.navigate();\nlogin.enterUsername(this.testData.username);\nlogin.enterPassword(this.testData.password);\nlogin.submit();\ncy.url().should('be.equal', this.testData.VerifLinkAfterLogin);\nlogin.ProductSort(); // Verify the results to match with your query.\ncy.get('#item_5_title_link > .inventory_item_name').should($p => {\n  expect($p).to.have.length(1);\n  expect($p.first()).to.contain('Sauce Labs Fleece Jacket');\n}); // Verify the details (Product Name & Price)\ncy.get('#item_5_title_link > .inventory_item_name').click();\ncy.get('.inventory_details_name').should($a => {\n  expect($a).to.have.length(1);\n  expect($a.first()).to.contain('Sauce Labs Fleece Jacket');\n}); // Buy Product\ncy.get('[data-test=\"add-to-cart-sauce-labs-fleece-jacket\"]').click();\ncy.get('.shopping_cart_link').click();\ncy.get('[data-test=\"checkout\"]').click(); // Verify and enter the required details on Checkout page.\nlogin.VerifyPageCheckOut();\ncy.get('[data-test=\"firstName\"]').invoke('attr', 'placeholder').should('contain', 'First Name');\ncy.get('[data-test=\"lastName\"]').invoke('attr', 'placeholder').should('contain', 'Last Name');\ncy.get('[data-test=\"postalCode\"]').invoke('attr', 'placeholder').should('contain', 'Zip/Postal Code'); // Input Information Checkout\nlogin.InputFirstname(this.testData.firstName);\nlogin.InputlastName(this.testData.lastName);\nlogin.InputZipCode(this.testData.ZipCode);\nlogin.SubmitCheckout(); // Screenshoot Page CHECKOUT: OVERVIEW \ncy.screenshot('CHECKOUT: OVERVIEW');\ncy.wait(400);\ncy.get('[data-test=\"finish\"]').click(); // Verify the order status and capture the screen.\nlogin.VerifyOrderStatus();\ncy.screenshot('ORDER STATUS');",
              "err": {},
              "uuid": "d491f1ac-e5c1-4a5a-bcff-23296b38a0f0",
              "parentUUID": "8f4f4f41-e136-408d-a8e1-7477a3a7301e",
              "isHook": false,
              "skipped": false
            }
          ],
          "suites": [],
          "passes": [
            "d491f1ac-e5c1-4a5a-bcff-23296b38a0f0"
          ],
          "failures": [],
          "pending": [],
          "skipped": [],
          "duration": 18634,
          "root": false,
          "rootEmpty": false,
          "_timeout": 2000
        }
      ],
      "passes": [],
      "failures": [],
      "pending": [],
      "skipped": [],
      "duration": 0,
      "root": true,
      "rootEmpty": true,
      "_timeout": 2000
    }
  ],
  "meta": {
    "mocha": {
      "version": "7.0.1"
    },
    "mochawesome": {
      "options": {
        "quiet": false,
        "reportFilename": "mochawesome",
        "saveHtml": true,
        "saveJson": true,
        "consoleReporter": "spec",
        "useInlineDiffs": false,
        "code": true
      },
      "version": "7.1.3"
    },
    "marge": {
      "options": {
        "reportDir": "cypress/report/mochawesome",
        "overwrite": true,
        "html": true,
        "json": true,
        "timestamp": "mmddyyyy_HHMMss"
      },
      "version": "6.2.0"
    }
  }
}